<?xml version='1.0'?>
<ns2:test-suite xmlns:ns2='urn:model.allure.qatools.yandex.ru' start='1623871180411' stop='1623871300443'>
    <name>Hamburger Validation</name>
    <title>Hamburger Validation</title>
    <test-cases>
        <test-case start='1623871180412' status='broken' stop='1623871240432'>
            <name>Verify the Menus available in hamburger</name>
            <title>Verify the Menus available in hamburger</title>
            <labels>
                <label name='language' value='javascript'/>
                <label name='framework' value='wdio'/>
                <label name='thread' value='0-1'/>
            </labels>
            <parameters>
                <parameter kind='argument' name='browser' value='chrome-91.0.4472.77'/>
            </parameters>
            <steps>
                <step start='1623871180415' status='passed' stop='1623871184337'>
                    <name>POST /session/:sessionId/url</name>
                    <title>POST /session/:sessionId/url</title>
                    <attachments>
                        <attachment title='Request' source='a888154c-500d-4349-a47f-056a10c23183-attachment.json' type='application/json' size='73'/>
                    </attachments>
                    <steps/>
                </step>
                <step start='1623871184337' status='passed' stop='1623871184523'>
                    <name>POST /session/:sessionId/window/maximize</name>
                    <title>POST /session/:sessionId/window/maximize</title>
                    <attachments>
                        <attachment title='Response' source='a5d09176-9ce6-4bd7-858c-81096c5416a3-attachment.json' type='application/json' size='55'/>
                    </attachments>
                    <steps/>
                </step>
            </steps>
            <attachments/>
            <failure>
                <message>Timeout of 60000ms exceeded. The execution in the test "Hamburger Validation Verify the Menus available in hamburger" took too long. Try to reduce the run time or increase your timeout for test specs (https://webdriver.io/docs/timeouts). (E:\docker Aswin\test\second.js)</message>
                <stack-trace>Error: Timeout of 60000ms exceeded. The execution in the test "Hamburger Validation Verify the Menus available in hamburger" took too long. Try to reduce the run time or increase your timeout for test specs (https://webdriver.io/docs/timeouts). (E:\docker Aswin\test\second.js)
                    at createTimeoutError (E:\docker Aswin\node_modules\mocha\lib\errors.js:498:15)
                    at Test.Runnable._timeoutError (E:\docker Aswin\node_modules\mocha\lib\runnable.js:431:10)
                    at Timeout.&lt;anonymous> (E:\docker Aswin\node_modules\mocha\lib\runnable.js:246:24)
                    at listOnTimeout (internal/timers.js:557:17)
                    at processTimers (internal/timers.js:500:7)</stack-trace>
            </failure>
        </test-case>
        <test-case start='1623871240433' status='broken' stop='1623871300437'>
            <name>Verify the subMenus available in hamburger</name>
            <title>Verify the subMenus available in hamburger</title>
            <labels>
                <label name='language' value='javascript'/>
                <label name='framework' value='wdio'/>
                <label name='thread' value='0-1'/>
            </labels>
            <parameters>
                <parameter kind='argument' name='browser' value='chrome-91.0.4472.77'/>
            </parameters>
            <steps/>
            <attachments/>
            <failure>
                <message>Timeout of 60000ms exceeded. The execution in the test "Hamburger Validation Verify the subMenus available in hamburger" took too long. Try to reduce the run time or increase your timeout for test specs (https://webdriver.io/docs/timeouts). (E:\docker Aswin\test\second.js)</message>
                <stack-trace>Error: Timeout of 60000ms exceeded. The execution in the test "Hamburger Validation Verify the subMenus available in hamburger" took too long. Try to reduce the run time or increase your timeout for test specs (https://webdriver.io/docs/timeouts). (E:\docker Aswin\test\second.js)
                    at createTimeoutError (E:\docker Aswin\node_modules\mocha\lib\errors.js:498:15)
                    at Test.Runnable._timeoutError (E:\docker Aswin\node_modules\mocha\lib\runnable.js:431:10)
                    at Timeout.&lt;anonymous> (E:\docker Aswin\node_modules\mocha\lib\runnable.js:246:24)
                    at listOnTimeout (internal/timers.js:557:17)
                    at processTimers (internal/timers.js:500:7)</stack-trace>
            </failure>
        </test-case>
    </test-cases>
</ns2:test-suite>