<?xml version='1.0'?>
<ns2:test-suite xmlns:ns2='urn:model.allure.qatools.yandex.ru' start='1623864912385' stop='1623865032416'>
    <name>Volvo Test Validation</name>
    <title>Volvo Test Validation</title>
    <test-cases>
        <test-case start='1623864912386' status='broken' stop='1623864972392'>
            <name>Login Website</name>
            <title>Login Website</title>
            <labels>
                <label name='language' value='javascript'/>
                <label name='framework' value='wdio'/>
                <label name='thread' value='0-0'/>
            </labels>
            <parameters>
                <parameter kind='argument' name='browser' value='chrome-91.0.4472.77'/>
            </parameters>
            <steps>
                <step start='1623864912389' status='passed' stop='1623864912482'>
                    <name>POST /session/:sessionId/timeouts</name>
                    <title>POST /session/:sessionId/timeouts</title>
                    <attachments>
                        <attachment title='Request' source='789832dc-76e9-4410-b745-b4bb97b0493a-attachment.json' type='application/json' size='21'/>
                    </attachments>
                    <steps/>
                </step>
                <step start='1623864912482' status='passed' stop='1623864917323'>
                    <name>POST /session/:sessionId/url</name>
                    <title>POST /session/:sessionId/url</title>
                    <attachments>
                        <attachment title='Request' source='a5c5bb8c-64fe-4980-8f69-ae836dacc324-attachment.json' type='application/json' size='73'/>
                    </attachments>
                    <steps/>
                </step>
                <step start='1623864917323' status='passed' stop='1623864917542'>
                    <name>POST /session/:sessionId/window/maximize</name>
                    <title>POST /session/:sessionId/window/maximize</title>
                    <attachments>
                        <attachment title='Response' source='fb8515d2-0950-4aa3-8178-7a69d0c9a0dc-attachment.json' type='application/json' size='55'/>
                    </attachments>
                    <steps/>
                </step>
            </steps>
            <attachments/>
            <failure>
                <message>Timeout of 60000ms exceeded. The execution in the test "Volvo Test Validation Login Website" took too long. Try to reduce the run time or increase your timeout for test specs (https://webdriver.io/docs/timeouts). (E:\docker Aswin\test\First.js)</message>
                <stack-trace>Error: Timeout of 60000ms exceeded. The execution in the test "Volvo Test Validation Login Website" took too long. Try to reduce the run time or increase your timeout for test specs (https://webdriver.io/docs/timeouts). (E:\docker Aswin\test\First.js)
                    at createTimeoutError (E:\docker Aswin\node_modules\mocha\lib\errors.js:498:15)
                    at Test.Runnable._timeoutError (E:\docker Aswin\node_modules\mocha\lib\runnable.js:431:10)
                    at Timeout.&lt;anonymous> (E:\docker Aswin\node_modules\mocha\lib\runnable.js:246:24)
                    at listOnTimeout (internal/timers.js:557:17)
                    at processTimers (internal/timers.js:500:7)</stack-trace>
            </failure>
        </test-case>
        <test-case start='1623864972393' status='broken' stop='1623865032406'>
            <name>Title Validation</name>
            <title>Title Validation</title>
            <labels>
                <label name='language' value='javascript'/>
                <label name='framework' value='wdio'/>
                <label name='thread' value='0-0'/>
            </labels>
            <parameters>
                <parameter kind='argument' name='browser' value='chrome-91.0.4472.77'/>
            </parameters>
            <steps>
                <step start='1623864972398' status='passed' stop='1623864972558'>
                    <name>GET /session/:sessionId/title</name>
                    <title>GET /session/:sessionId/title</title>
                    <attachments>
                        <attachment title='Response' source='ace5697f-cbae-4896-bf0a-8a69ebf3aaca-attachment.json' type='application/json' size='45'/>
                    </attachments>
                    <steps/>
                </step>
            </steps>
            <attachments/>
            <failure>
                <message>Timeout of 60000ms exceeded. The execution in the test "Volvo Test Validation Title Validation" took too long. Try to reduce the run time or increase your timeout for test specs (https://webdriver.io/docs/timeouts). (E:\docker Aswin\test\First.js)</message>
                <stack-trace>Error: Timeout of 60000ms exceeded. The execution in the test "Volvo Test Validation Title Validation" took too long. Try to reduce the run time or increase your timeout for test specs (https://webdriver.io/docs/timeouts). (E:\docker Aswin\test\First.js)
                    at createTimeoutError (E:\docker Aswin\node_modules\mocha\lib\errors.js:498:15)
                    at Test.Runnable._timeoutError (E:\docker Aswin\node_modules\mocha\lib\runnable.js:431:10)
                    at Timeout.&lt;anonymous> (E:\docker Aswin\node_modules\mocha\lib\runnable.js:246:24)
                    at listOnTimeout (internal/timers.js:557:17)
                    at processTimers (internal/timers.js:500:7)</stack-trace>
            </failure>
        </test-case>
    </test-cases>
</ns2:test-suite>